{
  "RSpec": {
    "coverage": {
      "/Users/mehmetucarucar/Desktop/makers/makers-projects/weekday-challanges/week-10/Gilded_Rose/spec/item_spec.rb": {
        "lines": [
          1,
          null,
          1,
          3,
          1,
          1,
          1,
          1,
          null,
          null,
          1,
          1,
          1,
          null,
          null,
          null
        ]
      },
      "/Users/mehmetucarucar/Desktop/makers/makers-projects/weekday-challanges/week-10/Gilded_Rose/lib/item.rb": {
        "lines": [
          null,
          null,
          null,
          1,
          1,
          null,
          1,
          2,
          2,
          2,
          null,
          null,
          1,
          1,
          null,
          null
        ]
      }
    },
    "timestamp": 1645733168
  }
}
